<?xml version="1.0" encoding="UTF-8"?>
<!-- Generated by org.testng.reporters.JUnitXMLReporter -->
<testsuite hostname="PBUNDEGO-VCVU7" name="CreateUserAndAssignGroupAndLocationToUser" tests="4" failures="0" timestamp="14 Sep 2019 13:11:48 GMT" time="0.002" errors="0">
  <testcase name="testCreateUsers on [UserTest passed=0 failed=0 skipped=0]" time="0.0" classname="com.cisco.testscripts.ui.adminPortal.UserTest">
    <skipped/>
  </testcase> <!-- testCreateUsers on [UserTest passed=0 failed=0 skipped=0] -->
  <testcase name="testassignUserToGroup on [UserTest passed=0 failed=0 skipped=0]" time="0.0" classname="com.cisco.testscripts.ui.adminPortal.UserTest">
    <skipped/>
  </testcase> <!-- testassignUserToGroup on [UserTest passed=0 failed=0 skipped=0] -->
  <testcase name="testassignLocationsToUser on [UserTest passed=0 failed=0 skipped=0]" time="0.0" classname="com.cisco.testscripts.ui.adminPortal.UserTest">
    <skipped/>
  </testcase> <!-- testassignLocationsToUser on [UserTest passed=0 failed=0 skipped=0] -->
  <testcase name="testVerifyAssignedUserAndLocation on [UserTest passed=0 failed=0 skipped=0]" time="0.0" classname="com.cisco.testscripts.ui.adminPortal.UserTest"/>
</testsuite> <!-- CreateUserAndAssignGroupAndLocationToUser -->
