<?xml version="1.0" encoding="UTF-8"?>
<!-- Generated by org.testng.reporters.JUnitXMLReporter -->
<testsuite hostname="PBUNDEGO-VCVU7" name="CreateRegionToCreateUser" tests="1" failures="0" timestamp="14 Sep 2019 13:11:48 GMT" time="0.004" errors="0">
  <testcase name="testCreateRegion on [UserTest passed=0 failed=0 skipped=0]" time="0.0" classname="com.cisco.testscripts.ui.adminPortal.UserTest">
    <skipped/>
  </testcase> <!-- testCreateRegion on [UserTest passed=0 failed=0 skipped=0] -->
</testsuite> <!-- CreateRegionToCreateUser -->
