<?xml version="1.0" encoding="UTF-8"?>
<!-- Generated by org.testng.reporters.JUnitXMLReporter -->
<testsuite hostname="PBUNDEGO-VCVU7" name="DashboardLoginTest" tests="1" failures="1" timestamp="14 Sep 2019 13:11:48 GMT" time="3.111" errors="0">
  <testcase name="testLogin on [DashboardLoginTest passed=0 failed=0 skipped=0]" time="3.098" classname="com.cisco.testscripts.ui.dashboard.DashboardLoginTest">
    <failure type="java.lang.AssertionError" message="Not able to login to Operator Dashboard">
      <![CDATA[java.lang.AssertionError: Not able to login to Operator Dashboard
	at com.cisco.testscripts.ui.dashboard.DashboardLoginTest.testLogin(DashboardLoginTest.java:21)
	at com.cisco.base.main.main(main.java:118)
... Removed 23 stack frames]]>
    </failure>
  </testcase> <!-- testLogin on [DashboardLoginTest passed=0 failed=0 skipped=0] -->
</testsuite> <!-- DashboardLoginTest -->
