<?xml version="1.0" encoding="UTF-8"?>
<!-- Generated by org.testng.reporters.JUnitXMLReporter -->
<testsuite hostname="IQTLAPTOP-185" name="Default test" tests="7" failures="0" timestamp="25 Sep 2019 04:07:56 GMT" time="0.069" errors="0">
  <testcase name="@BeforeSuite ConfigDetails" time="0.0" classname="com.cisco.testscripts.ui.administration.DataSetsTest">
    <failure type="org.testng.TestNGException" message="
Parameter &amp;apos;app&amp;apos; is required by @Configuration on method ConfigDetails but has not been marked @Optional or defined
in C:\Users\Jashwanth\AppData\Local\Temp\testng-eclipse--1876884777\testng-customsuite.xml">
      <![CDATA[org.testng.TestNGException: 
Parameter 'app' is required by @Configuration on method ConfigDetails but has not been marked @Optional or defined
in C:\Users\Jashwanth\AppData\Local\Temp\testng-eclipse--1876884777\testng-customsuite.xml
	at org.testng.internal.Parameters.createParameters(Parameters.java:154)
	at org.testng.internal.Parameters.createParameters(Parameters.java:361)
	at org.testng.internal.Parameters.createConfigurationParameters(Parameters.java:84)
	at org.testng.internal.Invoker.invokeConfigurations(Invoker.java:201)
	at org.testng.internal.Invoker.invokeConfigurations(Invoker.java:142)
	at org.testng.SuiteRunner.privateRun(SuiteRunner.java:305)
	at org.testng.SuiteRunner.run(SuiteRunner.java:268)
	at org.testng.SuiteRunnerWorker.runSuite(SuiteRunnerWorker.java:52)
	at org.testng.SuiteRunnerWorker.run(SuiteRunnerWorker.java:86)
	at org.testng.TestNG.runSuitesSequentially(TestNG.java:1244)
	at org.testng.TestNG.runSuitesLocally(TestNG.java:1169)
	at org.testng.TestNG.run(TestNG.java:1064)
	at org.testng.remote.AbstractRemoteTestNG.run(AbstractRemoteTestNG.java:115)
	at org.testng.remote.RemoteTestNG.initAndRun(RemoteTestNG.java:251)
	at org.testng.remote.RemoteTestNG.main(RemoteTestNG.java:77)
]]>
    </failure>
  </testcase> <!-- @BeforeSuite ConfigDetails -->
  <testcase name="@BeforeMethod beforemethod" time="0.0" classname="com.cisco.testscripts.ui.administration.DataSetsTest">
    <skipped/>
  </testcase> <!-- @BeforeMethod beforemethod -->
  <testcase name="@AfterMethod afterMethod" time="0.0" classname="com.cisco.testscripts.ui.administration.DataSetsTest">
    <skipped/>
  </testcase> <!-- @AfterMethod afterMethod -->
  <testcase name="@BeforeMethod beforemethod" time="0.0" classname="com.cisco.testscripts.ui.administration.DataSetsTest">
    <skipped/>
  </testcase> <!-- @BeforeMethod beforemethod -->
  <testcase name="@AfterMethod afterMethod" time="0.0" classname="com.cisco.testscripts.ui.administration.DataSetsTest">
    <skipped/>
  </testcase> <!-- @AfterMethod afterMethod -->
  <testcase name="@BeforeMethod beforemethod" time="0.0" classname="com.cisco.testscripts.ui.administration.DataSetsTest">
    <skipped/>
  </testcase> <!-- @BeforeMethod beforemethod -->
  <testcase name="@AfterMethod afterMethod" time="0.0" classname="com.cisco.testscripts.ui.administration.DataSetsTest">
    <skipped/>
  </testcase> <!-- @AfterMethod afterMethod -->
  <testcase name="@BeforeMethod beforemethod" time="0.0" classname="com.cisco.testscripts.ui.administration.DataSetsTest">
    <skipped/>
  </testcase> <!-- @BeforeMethod beforemethod -->
  <testcase name="@AfterMethod afterMethod" time="0.0" classname="com.cisco.testscripts.ui.administration.DataSetsTest">
    <skipped/>
  </testcase> <!-- @AfterMethod afterMethod -->
  <testcase name="@BeforeMethod beforemethod" time="0.0" classname="com.cisco.testscripts.ui.administration.DataSetsTest">
    <skipped/>
  </testcase> <!-- @BeforeMethod beforemethod -->
  <testcase name="@AfterMethod afterMethod" time="0.0" classname="com.cisco.testscripts.ui.administration.DataSetsTest">
    <skipped/>
  </testcase> <!-- @AfterMethod afterMethod -->
  <testcase name="@BeforeMethod beforemethod" time="0.0" classname="com.cisco.testscripts.ui.administration.DataSetsTest">
    <skipped/>
  </testcase> <!-- @BeforeMethod beforemethod -->
  <testcase name="@AfterMethod afterMethod" time="0.0" classname="com.cisco.testscripts.ui.administration.DataSetsTest">
    <skipped/>
  </testcase> <!-- @AfterMethod afterMethod -->
  <testcase name="@BeforeMethod beforemethod" time="0.0" classname="com.cisco.testscripts.ui.administration.DataSetsTest">
    <skipped/>
  </testcase> <!-- @BeforeMethod beforemethod -->
  <testcase name="@AfterMethod afterMethod" time="0.0" classname="com.cisco.testscripts.ui.administration.DataSetsTest">
    <skipped/>
  </testcase> <!-- @AfterMethod afterMethod -->
  <testcase name="testCreateHTTPconnector_NoAuth on [DataSetsTest passed=0 failed=0 skipped=0]" time="0.005" classname="com.cisco.testscripts.ui.administration.DataSetsTest">
    <skipped/>
  </testcase> <!-- testCreateHTTPconnector_NoAuth on [DataSetsTest passed=0 failed=0 skipped=0] -->
  <testcase name="testCreateHTTPconnector_NoAuth on [DataSetsTest passed=0 failed=0 skipped=0]" time="0.0" classname="com.cisco.testscripts.ui.administration.DataSetsTest">
    <skipped/>
  </testcase> <!-- testCreateHTTPconnector_NoAuth on [DataSetsTest passed=0 failed=0 skipped=0] -->
  <testcase name="testCreateHTTPconnector_NoAuth on [DataSetsTest passed=0 failed=0 skipped=0]" time="0.006" classname="com.cisco.testscripts.ui.administration.DataSetsTest">
    <skipped/>
  </testcase> <!-- testCreateHTTPconnector_NoAuth on [DataSetsTest passed=0 failed=0 skipped=0] -->
  <testcase name="testCreateHTTPconnector_NoAuth on [DataSetsTest passed=0 failed=0 skipped=0]" time="0.0" classname="com.cisco.testscripts.ui.administration.DataSetsTest">
    <skipped/>
  </testcase> <!-- testCreateHTTPconnector_NoAuth on [DataSetsTest passed=0 failed=0 skipped=0] -->
  <testcase name="createHTTPconnector_Basic_auth on [DataSetsTest passed=0 failed=0 skipped=0]" time="0.0" classname="com.cisco.testscripts.ui.administration.DataSetsTest">
    <skipped/>
  </testcase> <!-- createHTTPconnector_Basic_auth on [DataSetsTest passed=0 failed=0 skipped=0] -->
  <testcase name="createHTTPconnector_Custom_auth on [DataSetsTest passed=0 failed=0 skipped=0]" time="0.0" classname="com.cisco.testscripts.ui.administration.DataSetsTest">
    <skipped/>
  </testcase> <!-- createHTTPconnector_Custom_auth on [DataSetsTest passed=0 failed=0 skipped=0] -->
  <testcase name="createFILEconnector_Custom_auth on [DataSetsTest passed=0 failed=0 skipped=0]" time="0.008" classname="com.cisco.testscripts.ui.administration.DataSetsTest">
    <skipped/>
  </testcase> <!-- createFILEconnector_Custom_auth on [DataSetsTest passed=0 failed=0 skipped=0] -->
</testsuite> <!-- Default test -->
